states ['Presenting', 'InGeneralWard', 'InICU', 'OnVentInICU']
num_Presenting 0
num_InGeneralWard 10
num_InICU 10
num_OnVentInICU 10
num_timesteps 120
pmf_num_per_timestep_Presenting scipy.stats.poisson(10)
proba_Recovering_given_Presenting 0.1
proba_Recovering_given_InGeneralWard 0.1
proba_Recovering_given_InICU 0.1
proba_Recovering_given_OnVentInICU 0.1
pmf_timesteps_Declining_Presenting {'1': 1.0}
pmf_timesteps_Recovering_Presenting {'1': 1.0}
pmf_timesteps_Declining_InGeneralWard {'1': 0.5, '2': 0.25, '3': 0.125, '4': 0.0625, '5': 0.0625}
pmf_timesteps_Recovering_InGeneralWard {'1': 0.5, '2': 0.25, '3': 0.125, '4': 0.0625, '5': 0.0625}
pmf_timesteps_Declining_InICU {'1': 0.5, '2': 0.25, '3': 0.125, '4': 0.0625, '5': 0.0625}
pmf_timesteps_Recovering_InICU {'1': 0.5, '2': 0.25, '3': 0.125, '4': 0.0625, '5': 0.0625}
pmf_timesteps_Declining_OnVentInICU {'1': 0.5, '2': 0.25, '3': 0.125, '4': 0.0625, '5': 0.0625}
pmf_timesteps_Recovering_OnVentInICU {'1': 0.5, '2': 0.25, '3': 0.125, '4': 0.0625, '5': 0.0625}
----------------------------------------
Loaded SemiMarkovModel from config_file:
----------------------------------------
State #0 Presenting
    prob. 0.100 recover
    prob. 0.900 advance to state InGeneralWard
State #1 InGeneralWard
    prob. 0.100 recover
    prob. 0.900 advance to state InICU
State #2 InICU
    prob. 0.100 recover
    prob. 0.900 advance to state OnVentInICU
State #3 OnVentInICU
    prob. 0.100 recover
    prob. 0.900 advance to state TERMINAL
----------------------------------------
Simulating for 120 timesteps with seed 1001
----------------------------------------
----------------------------------------
Writing results to /cluster/tufts/hugheslab/mhughe02/forecast_results/simple_example_slurm_cluster/results-random_seed=1001.csv
----------------------------------------
