Building DAG of jobs...
Using shell: /bin/bash
Provided cores: 2
Rules claiming more threads will be scaled down.
Conda environments: ignored
Job counts:
	count	jobs
	1	template
	1

[Fri Apr  3 15:38:18 2020]
rule template:
    input: params_simple_example.json, /cluster/tufts/hugheslab/code/covid19-forecasting/run_forecast.py, /cluster/tufts/hugheslab/code/covid19-forecasting/semimarkov_forecaster/__init__.py, /cluster/tufts/hugheslab/code/covid19-forecasting/semimarkov_forecaster/PatientTrajectory.py
    output: results-random_seed=202.csv
    jobid: 0
    wildcards: random_seed=202

        python run.py             --config_file "params_simple_example.json"             --random_seed "202"             --output_file "results-random_seed=202.csv"         
python: can't open file 'run.py': [Errno 2] No such file or directory
[Fri Apr  3 15:38:18 2020]
Error in rule template:
    jobid: 0
    output: results-random_seed=202.csv
    shell:
                python run.py             --config_file "params_simple_example.json"             --random_seed "202"             --output_file "results-random_seed=202.csv"         
        (one of the commands exited with non-zero exit code; note that snakemake uses bash strict mode!)

Shutting down, this might take some time.
Exiting because a job execution failed. Look above for error message
