Building DAG of jobs...
Using shell: /bin/bash
Provided cores: 2
Rules claiming more threads will be scaled down.
Conda environments: ignored
Job counts:
	count	jobs
	1	template
	1

[Mon Apr  6 22:57:07 2020]
rule template:
    input: params.json, /cluster/tufts/hugheslab/code/covid19-forecasting/run_forecast.py, /cluster/tufts/hugheslab/code/covid19-forecasting/semimarkov_forecaster/__init__.py, /cluster/tufts/hugheslab/code/covid19-forecasting/semimarkov_forecaster/PatientTrajectory.py
    output: /cluster/tufts/hugheslab/mhughe02/forecast_results/demo_20200406/results-random_seed=1036.csv
    jobid: 0
    wildcards: output_dir=/cluster/tufts/hugheslab/mhughe02/forecast_results/demo_20200406, random_seed=1036

        dirname /cluster/tufts/hugheslab/mhughe02/forecast_results/demo_20200406/results-random_seed=1036.csv | xargs mkdir -p &&         python /cluster/tufts/hugheslab/code/covid19-forecasting/run_forecast.py             --config_file "params.json"             --random_seed "1036"             --output_file "/cluster/tufts/hugheslab/mhughe02/forecast_results/demo_20200406/results-random_seed=1036.csv"         
  0%|          | 0/120 [00:00<?, ?it/s] 13%|█▎        | 16/120 [00:00<00:00, 156.43it/s] 27%|██▋       | 32/120 [00:00<00:00, 156.92it/s] 40%|████      | 48/120 [00:00<00:00, 156.15it/s] 52%|█████▎    | 63/120 [00:00<00:00, 152.85it/s] 65%|██████▌   | 78/120 [00:00<00:00, 150.43it/s] 78%|███████▊  | 94/120 [00:00<00:00, 152.12it/s] 92%|█████████▏| 110/120 [00:00<00:00, 151.76it/s]100%|██████████| 120/120 [00:00<00:00, 152.20it/s]
[Mon Apr  6 22:57:08 2020]
Finished job 0.
1 of 1 steps (100%) done
