Building DAG of jobs...
Using shell: /bin/bash
Provided cores: 2
Rules claiming more threads will be scaled down.
Conda environments: ignored
Job counts:
	count	jobs
	1	template
	1

[Mon Apr  6 22:56:54 2020]
rule template:
    input: params.json, /cluster/tufts/hugheslab/code/covid19-forecasting/run_forecast.py, /cluster/tufts/hugheslab/code/covid19-forecasting/semimarkov_forecaster/__init__.py, /cluster/tufts/hugheslab/code/covid19-forecasting/semimarkov_forecaster/PatientTrajectory.py
    output: /cluster/tufts/hugheslab/mhughe02/forecast_results/demo_20200406/results-random_seed=1021.csv
    jobid: 0
    wildcards: output_dir=/cluster/tufts/hugheslab/mhughe02/forecast_results/demo_20200406, random_seed=1021

        dirname /cluster/tufts/hugheslab/mhughe02/forecast_results/demo_20200406/results-random_seed=1021.csv | xargs mkdir -p &&         python /cluster/tufts/hugheslab/code/covid19-forecasting/run_forecast.py             --config_file "params.json"             --random_seed "1021"             --output_file "/cluster/tufts/hugheslab/mhughe02/forecast_results/demo_20200406/results-random_seed=1021.csv"         
  0%|          | 0/120 [00:00<?, ?it/s] 14%|█▍        | 17/120 [00:00<00:00, 168.67it/s] 28%|██▊       | 34/120 [00:00<00:00, 167.27it/s] 43%|████▎     | 52/120 [00:00<00:00, 168.90it/s] 57%|█████▊    | 69/120 [00:00<00:00, 167.18it/s] 72%|███████▎  | 87/120 [00:00<00:00, 169.63it/s] 87%|████████▋ | 104/120 [00:00<00:00, 169.22it/s]100%|██████████| 120/120 [00:00<00:00, 168.36it/s]
[Mon Apr  6 22:56:56 2020]
Finished job 0.
1 of 1 steps (100%) done
