Building DAG of jobs...
Using shell: /bin/bash
Provided cores: 2
Rules claiming more threads will be scaled down.
Conda environments: ignored
Job counts:
	count	jobs
	1	template
	1

[Mon Apr  6 22:58:06 2020]
rule template:
    input: params.json, /cluster/tufts/hugheslab/code/covid19-forecasting/run_forecast.py, /cluster/tufts/hugheslab/code/covid19-forecasting/semimarkov_forecaster/__init__.py, /cluster/tufts/hugheslab/code/covid19-forecasting/semimarkov_forecaster/PatientTrajectory.py
    output: /cluster/tufts/hugheslab/mhughe02/forecast_results/demo_20200406/results-random_seed=1088.csv
    jobid: 0
    wildcards: output_dir=/cluster/tufts/hugheslab/mhughe02/forecast_results/demo_20200406, random_seed=1088

        dirname /cluster/tufts/hugheslab/mhughe02/forecast_results/demo_20200406/results-random_seed=1088.csv | xargs mkdir -p &&         python /cluster/tufts/hugheslab/code/covid19-forecasting/run_forecast.py             --config_file "params.json"             --random_seed "1088"             --output_file "/cluster/tufts/hugheslab/mhughe02/forecast_results/demo_20200406/results-random_seed=1088.csv"         
  0%|          | 0/120 [00:00<?, ?it/s] 13%|█▎        | 16/120 [00:00<00:00, 158.95it/s] 27%|██▋       | 32/120 [00:00<00:00, 158.14it/s] 40%|████      | 48/120 [00:00<00:00, 157.22it/s] 53%|█████▎    | 64/120 [00:00<00:00, 155.78it/s] 67%|██████▋   | 80/120 [00:00<00:00, 156.29it/s] 81%|████████  | 97/120 [00:00<00:00, 159.50it/s] 94%|█████████▍| 113/120 [00:00<00:00, 159.55it/s]100%|██████████| 120/120 [00:00<00:00, 158.96it/s]
[Mon Apr  6 22:58:07 2020]
Finished job 0.
1 of 1 steps (100%) done
