Building DAG of jobs...
Using shell: /bin/bash
Provided cores: 2
Rules claiming more threads will be scaled down.
Conda environments: ignored
Job counts:
	count	jobs
	1	template
	1

[Mon Apr  6 22:56:45 2020]
rule template:
    input: params.json, /cluster/tufts/hugheslab/code/covid19-forecasting/run_forecast.py, /cluster/tufts/hugheslab/code/covid19-forecasting/semimarkov_forecaster/__init__.py, /cluster/tufts/hugheslab/code/covid19-forecasting/semimarkov_forecaster/PatientTrajectory.py
    output: /cluster/tufts/hugheslab/mhughe02/forecast_results/demo_20200406/results-random_seed=1073.csv
    jobid: 0
    wildcards: output_dir=/cluster/tufts/hugheslab/mhughe02/forecast_results/demo_20200406, random_seed=1073

        dirname /cluster/tufts/hugheslab/mhughe02/forecast_results/demo_20200406/results-random_seed=1073.csv | xargs mkdir -p &&         python /cluster/tufts/hugheslab/code/covid19-forecasting/run_forecast.py             --config_file "params.json"             --random_seed "1073"             --output_file "/cluster/tufts/hugheslab/mhughe02/forecast_results/demo_20200406/results-random_seed=1073.csv"         
  0%|          | 0/120 [00:00<?, ?it/s] 13%|█▎        | 16/120 [00:00<00:00, 150.86it/s] 28%|██▊       | 33/120 [00:00<00:00, 153.70it/s] 41%|████      | 49/120 [00:00<00:00, 154.15it/s] 53%|█████▎    | 64/120 [00:00<00:00, 152.60it/s] 67%|██████▋   | 80/120 [00:00<00:00, 153.71it/s] 81%|████████  | 97/120 [00:00<00:00, 156.59it/s] 98%|█████████▊| 117/120 [00:00<00:00, 165.40it/s]100%|██████████| 120/120 [00:00<00:00, 161.78it/s]
[Mon Apr  6 22:56:47 2020]
Finished job 0.
1 of 1 steps (100%) done
