Building DAG of jobs...
Using shell: /bin/bash
Provided cores: 2
Rules claiming more threads will be scaled down.
Conda environments: ignored
Job counts:
	count	jobs
	1	template
	1

[Mon Apr  6 22:57:57 2020]
rule template:
    input: params.json, /cluster/tufts/hugheslab/code/covid19-forecasting/run_forecast.py, /cluster/tufts/hugheslab/code/covid19-forecasting/semimarkov_forecaster/__init__.py, /cluster/tufts/hugheslab/code/covid19-forecasting/semimarkov_forecaster/PatientTrajectory.py
    output: /cluster/tufts/hugheslab/mhughe02/forecast_results/demo_20200406/results-random_seed=1091.csv
    jobid: 0
    wildcards: output_dir=/cluster/tufts/hugheslab/mhughe02/forecast_results/demo_20200406, random_seed=1091

        dirname /cluster/tufts/hugheslab/mhughe02/forecast_results/demo_20200406/results-random_seed=1091.csv | xargs mkdir -p &&         python /cluster/tufts/hugheslab/code/covid19-forecasting/run_forecast.py             --config_file "params.json"             --random_seed "1091"             --output_file "/cluster/tufts/hugheslab/mhughe02/forecast_results/demo_20200406/results-random_seed=1091.csv"         
  0%|          | 0/120 [00:00<?, ?it/s] 14%|█▍        | 17/120 [00:00<00:00, 160.54it/s] 28%|██▊       | 33/120 [00:00<00:00, 159.40it/s] 41%|████      | 49/120 [00:00<00:00, 158.17it/s] 53%|█████▎    | 64/120 [00:00<00:00, 154.60it/s] 68%|██████▊   | 81/120 [00:00<00:00, 156.82it/s] 81%|████████  | 97/120 [00:00<00:00, 157.04it/s] 97%|█████████▋| 116/120 [00:00<00:00, 163.80it/s]100%|██████████| 120/120 [00:00<00:00, 161.55it/s]
[Mon Apr  6 22:57:59 2020]
Finished job 0.
1 of 1 steps (100%) done
