Building DAG of jobs...
Using shell: /bin/bash
Provided cores: 2
Rules claiming more threads will be scaled down.
Conda environments: ignored
Job counts:
	count	jobs
	1	template
	1

[Mon Apr  6 22:56:21 2020]
rule template:
    input: params.json, /cluster/tufts/hugheslab/code/covid19-forecasting/run_forecast.py, /cluster/tufts/hugheslab/code/covid19-forecasting/semimarkov_forecaster/__init__.py, /cluster/tufts/hugheslab/code/covid19-forecasting/semimarkov_forecaster/PatientTrajectory.py
    output: /cluster/tufts/hugheslab/mhughe02/forecast_results/demo_20200406/results-random_seed=1051.csv
    jobid: 0
    wildcards: output_dir=/cluster/tufts/hugheslab/mhughe02/forecast_results/demo_20200406, random_seed=1051

        dirname /cluster/tufts/hugheslab/mhughe02/forecast_results/demo_20200406/results-random_seed=1051.csv | xargs mkdir -p &&         python /cluster/tufts/hugheslab/code/covid19-forecasting/run_forecast.py             --config_file "params.json"             --random_seed "1051"             --output_file "/cluster/tufts/hugheslab/mhughe02/forecast_results/demo_20200406/results-random_seed=1051.csv"         
  0%|          | 0/120 [00:00<?, ?it/s] 13%|█▎        | 16/120 [00:00<00:00, 155.13it/s] 27%|██▋       | 32/120 [00:00<00:00, 156.55it/s] 41%|████      | 49/120 [00:00<00:00, 158.10it/s] 55%|█████▌    | 66/120 [00:00<00:00, 159.66it/s] 69%|██████▉   | 83/120 [00:00<00:00, 159.31it/s] 83%|████████▎ | 100/120 [00:00<00:00, 160.09it/s] 98%|█████████▊| 117/120 [00:00<00:00, 162.00it/s]100%|██████████| 120/120 [00:00<00:00, 160.88it/s]
[Mon Apr  6 22:56:23 2020]
Finished job 0.
1 of 1 steps (100%) done
