Building DAG of jobs...
Using shell: /bin/bash
Provided cores: 2
Rules claiming more threads will be scaled down.
Conda environments: ignored
Job counts:
	count	jobs
	1	template
	1

[Mon Apr  6 22:57:25 2020]
rule template:
    input: params.json, /cluster/tufts/hugheslab/code/covid19-forecasting/run_forecast.py, /cluster/tufts/hugheslab/code/covid19-forecasting/semimarkov_forecaster/__init__.py, /cluster/tufts/hugheslab/code/covid19-forecasting/semimarkov_forecaster/PatientTrajectory.py
    output: /cluster/tufts/hugheslab/mhughe02/forecast_results/demo_20200406/results-random_seed=1020.csv
    jobid: 0
    wildcards: output_dir=/cluster/tufts/hugheslab/mhughe02/forecast_results/demo_20200406, random_seed=1020

        dirname /cluster/tufts/hugheslab/mhughe02/forecast_results/demo_20200406/results-random_seed=1020.csv | xargs mkdir -p &&         python /cluster/tufts/hugheslab/code/covid19-forecasting/run_forecast.py             --config_file "params.json"             --random_seed "1020"             --output_file "/cluster/tufts/hugheslab/mhughe02/forecast_results/demo_20200406/results-random_seed=1020.csv"         
  0%|          | 0/120 [00:00<?, ?it/s] 13%|█▎        | 16/120 [00:00<00:00, 153.98it/s] 26%|██▌       | 31/120 [00:00<00:00, 151.63it/s] 38%|███▊      | 46/120 [00:00<00:00, 150.83it/s] 52%|█████▏    | 62/120 [00:00<00:00, 151.36it/s] 66%|██████▌   | 79/120 [00:00<00:00, 155.05it/s] 80%|████████  | 96/120 [00:00<00:00, 158.94it/s] 97%|█████████▋| 116/120 [00:00<00:00, 168.55it/s]100%|██████████| 120/120 [00:00<00:00, 162.73it/s]
[Mon Apr  6 22:57:27 2020]
Finished job 0.
1 of 1 steps (100%) done
