Building DAG of jobs...
Using shell: /bin/bash
Provided cores: 2
Rules claiming more threads will be scaled down.
Conda environments: ignored
Job counts:
	count	jobs
	1	template
	1

[Mon Apr  6 22:58:00 2020]
rule template:
    input: params.json, /cluster/tufts/hugheslab/code/covid19-forecasting/run_forecast.py, /cluster/tufts/hugheslab/code/covid19-forecasting/semimarkov_forecaster/__init__.py, /cluster/tufts/hugheslab/code/covid19-forecasting/semimarkov_forecaster/PatientTrajectory.py
    output: /cluster/tufts/hugheslab/mhughe02/forecast_results/demo_20200406/results-random_seed=1081.csv
    jobid: 0
    wildcards: output_dir=/cluster/tufts/hugheslab/mhughe02/forecast_results/demo_20200406, random_seed=1081

        dirname /cluster/tufts/hugheslab/mhughe02/forecast_results/demo_20200406/results-random_seed=1081.csv | xargs mkdir -p &&         python /cluster/tufts/hugheslab/code/covid19-forecasting/run_forecast.py             --config_file "params.json"             --random_seed "1081"             --output_file "/cluster/tufts/hugheslab/mhughe02/forecast_results/demo_20200406/results-random_seed=1081.csv"         
  0%|          | 0/120 [00:00<?, ?it/s] 13%|█▎        | 16/120 [00:00<00:00, 158.35it/s] 27%|██▋       | 32/120 [00:00<00:00, 158.77it/s] 41%|████      | 49/120 [00:00<00:00, 160.93it/s] 55%|█████▌    | 66/120 [00:00<00:00, 160.71it/s] 68%|██████▊   | 82/120 [00:00<00:00, 160.28it/s] 82%|████████▏ | 98/120 [00:00<00:00, 159.19it/s] 94%|█████████▍| 113/120 [00:00<00:00, 155.94it/s]100%|██████████| 120/120 [00:00<00:00, 157.97it/s]
[Mon Apr  6 22:58:02 2020]
Finished job 0.
1 of 1 steps (100%) done
