Building DAG of jobs...
Using shell: /bin/bash
Provided cores: 2
Rules claiming more threads will be scaled down.
Conda environments: ignored
Job counts:
	count	jobs
	1	template
	1

[Mon Apr  6 22:58:03 2020]
rule template:
    input: params.json, /cluster/tufts/hugheslab/code/covid19-forecasting/run_forecast.py, /cluster/tufts/hugheslab/code/covid19-forecasting/semimarkov_forecaster/__init__.py, /cluster/tufts/hugheslab/code/covid19-forecasting/semimarkov_forecaster/PatientTrajectory.py
    output: /cluster/tufts/hugheslab/mhughe02/forecast_results/demo_20200406/results-random_seed=1010.csv
    jobid: 0
    wildcards: output_dir=/cluster/tufts/hugheslab/mhughe02/forecast_results/demo_20200406, random_seed=1010

        dirname /cluster/tufts/hugheslab/mhughe02/forecast_results/demo_20200406/results-random_seed=1010.csv | xargs mkdir -p &&         python /cluster/tufts/hugheslab/code/covid19-forecasting/run_forecast.py             --config_file "params.json"             --random_seed "1010"             --output_file "/cluster/tufts/hugheslab/mhughe02/forecast_results/demo_20200406/results-random_seed=1010.csv"         
  0%|          | 0/120 [00:00<?, ?it/s] 14%|█▍        | 17/120 [00:00<00:00, 163.84it/s] 29%|██▉       | 35/120 [00:00<00:00, 166.13it/s] 43%|████▎     | 52/120 [00:00<00:00, 166.40it/s] 58%|█████▊    | 70/120 [00:00<00:00, 167.68it/s] 74%|███████▍  | 89/120 [00:00<00:00, 171.45it/s] 89%|████████▉ | 107/120 [00:00<00:00, 172.75it/s]100%|██████████| 120/120 [00:00<00:00, 171.20it/s]
[Mon Apr  6 22:58:04 2020]
Finished job 0.
1 of 1 steps (100%) done
