Building DAG of jobs...
Using shell: /bin/bash
Provided cores: 2
Rules claiming more threads will be scaled down.
Conda environments: ignored
Job counts:
	count	jobs
	1	template
	1

[Mon Apr  6 22:57:55 2020]
rule template:
    input: params.json, /cluster/tufts/hugheslab/code/covid19-forecasting/run_forecast.py, /cluster/tufts/hugheslab/code/covid19-forecasting/semimarkov_forecaster/__init__.py, /cluster/tufts/hugheslab/code/covid19-forecasting/semimarkov_forecaster/PatientTrajectory.py
    output: /cluster/tufts/hugheslab/mhughe02/forecast_results/demo_20200406/results-random_seed=1067.csv
    jobid: 0
    wildcards: output_dir=/cluster/tufts/hugheslab/mhughe02/forecast_results/demo_20200406, random_seed=1067

        dirname /cluster/tufts/hugheslab/mhughe02/forecast_results/demo_20200406/results-random_seed=1067.csv | xargs mkdir -p &&         python /cluster/tufts/hugheslab/code/covid19-forecasting/run_forecast.py             --config_file "params.json"             --random_seed "1067"             --output_file "/cluster/tufts/hugheslab/mhughe02/forecast_results/demo_20200406/results-random_seed=1067.csv"         
  0%|          | 0/120 [00:00<?, ?it/s] 14%|█▍        | 17/120 [00:00<00:00, 162.82it/s] 29%|██▉       | 35/120 [00:00<00:00, 165.76it/s] 43%|████▎     | 52/120 [00:00<00:00, 166.47it/s] 58%|█████▊    | 70/120 [00:00<00:00, 168.20it/s] 73%|███████▎  | 88/120 [00:00<00:00, 169.44it/s] 88%|████████▊ | 106/120 [00:00<00:00, 171.24it/s]100%|██████████| 120/120 [00:00<00:00, 170.80it/s]
[Mon Apr  6 22:57:56 2020]
Finished job 0.
1 of 1 steps (100%) done
