Building DAG of jobs...
Using shell: /bin/bash
Provided cores: 2
Rules claiming more threads will be scaled down.
Conda environments: ignored
Job counts:
	count	jobs
	1	template
	1

[Mon Apr  6 22:56:36 2020]
rule template:
    input: params.json, /cluster/tufts/hugheslab/code/covid19-forecasting/run_forecast.py, /cluster/tufts/hugheslab/code/covid19-forecasting/semimarkov_forecaster/__init__.py, /cluster/tufts/hugheslab/code/covid19-forecasting/semimarkov_forecaster/PatientTrajectory.py
    output: /cluster/tufts/hugheslab/mhughe02/forecast_results/demo_20200406/results-random_seed=1003.csv
    jobid: 0
    wildcards: output_dir=/cluster/tufts/hugheslab/mhughe02/forecast_results/demo_20200406, random_seed=1003

        dirname /cluster/tufts/hugheslab/mhughe02/forecast_results/demo_20200406/results-random_seed=1003.csv | xargs mkdir -p &&         python /cluster/tufts/hugheslab/code/covid19-forecasting/run_forecast.py             --config_file "params.json"             --random_seed "1003"             --output_file "/cluster/tufts/hugheslab/mhughe02/forecast_results/demo_20200406/results-random_seed=1003.csv"         
  0%|          | 0/120 [00:00<?, ?it/s] 12%|█▎        | 15/120 [00:00<00:00, 149.46it/s] 27%|██▋       | 32/120 [00:00<00:00, 153.09it/s] 41%|████      | 49/120 [00:00<00:00, 156.34it/s] 54%|█████▍    | 65/120 [00:00<00:00, 157.13it/s] 68%|██████▊   | 81/120 [00:00<00:00, 157.53it/s] 81%|████████  | 97/120 [00:00<00:00, 155.68it/s] 95%|█████████▌| 114/120 [00:00<00:00, 157.93it/s]100%|██████████| 120/120 [00:00<00:00, 158.21it/s]
[Mon Apr  6 22:56:38 2020]
Finished job 0.
1 of 1 steps (100%) done
