Building DAG of jobs...
Using shell: /bin/bash
Provided cores: 2
Rules claiming more threads will be scaled down.
Conda environments: ignored
Job counts:
	count	jobs
	1	template
	1

[Mon Apr  6 22:58:11 2020]
rule template:
    input: params.json, /cluster/tufts/hugheslab/code/covid19-forecasting/run_forecast.py, /cluster/tufts/hugheslab/code/covid19-forecasting/semimarkov_forecaster/__init__.py, /cluster/tufts/hugheslab/code/covid19-forecasting/semimarkov_forecaster/PatientTrajectory.py
    output: /cluster/tufts/hugheslab/mhughe02/forecast_results/demo_20200406/results-random_seed=1086.csv
    jobid: 0
    wildcards: output_dir=/cluster/tufts/hugheslab/mhughe02/forecast_results/demo_20200406, random_seed=1086

        dirname /cluster/tufts/hugheslab/mhughe02/forecast_results/demo_20200406/results-random_seed=1086.csv | xargs mkdir -p &&         python /cluster/tufts/hugheslab/code/covid19-forecasting/run_forecast.py             --config_file "params.json"             --random_seed "1086"             --output_file "/cluster/tufts/hugheslab/mhughe02/forecast_results/demo_20200406/results-random_seed=1086.csv"         
  0%|          | 0/120 [00:00<?, ?it/s] 14%|█▍        | 17/120 [00:00<00:00, 162.46it/s] 29%|██▉       | 35/120 [00:00<00:00, 165.69it/s] 44%|████▍     | 53/120 [00:00<00:00, 169.49it/s] 59%|█████▉    | 71/120 [00:00<00:00, 171.05it/s] 74%|███████▍  | 89/120 [00:00<00:00, 172.27it/s] 88%|████████▊ | 106/120 [00:00<00:00, 170.30it/s]100%|██████████| 120/120 [00:00<00:00, 171.46it/s]
[Mon Apr  6 22:58:13 2020]
Finished job 0.
1 of 1 steps (100%) done
