Building DAG of jobs...
Using shell: /bin/bash
Provided cores: 2
Rules claiming more threads will be scaled down.
Conda environments: ignored
Job counts:
	count	jobs
	1	template
	1

[Mon Apr  6 22:56:03 2020]
rule template:
    input: params.json, /cluster/tufts/hugheslab/code/covid19-forecasting/run_forecast.py, /cluster/tufts/hugheslab/code/covid19-forecasting/semimarkov_forecaster/__init__.py, /cluster/tufts/hugheslab/code/covid19-forecasting/semimarkov_forecaster/PatientTrajectory.py
    output: /cluster/tufts/hugheslab/mhughe02/forecast_results/demo_20200406/results-random_seed=1048.csv
    jobid: 0
    wildcards: output_dir=/cluster/tufts/hugheslab/mhughe02/forecast_results/demo_20200406, random_seed=1048

        dirname /cluster/tufts/hugheslab/mhughe02/forecast_results/demo_20200406/results-random_seed=1048.csv | xargs mkdir -p &&         python /cluster/tufts/hugheslab/code/covid19-forecasting/run_forecast.py             --config_file "params.json"             --random_seed "1048"             --output_file "/cluster/tufts/hugheslab/mhughe02/forecast_results/demo_20200406/results-random_seed=1048.csv"         
  0%|          | 0/120 [00:00<?, ?it/s] 16%|█▌        | 19/120 [00:00<00:00, 188.47it/s] 32%|███▎      | 39/120 [00:00<00:00, 190.38it/s] 49%|████▉     | 59/120 [00:00<00:00, 190.98it/s] 66%|██████▌   | 79/120 [00:00<00:00, 192.33it/s] 82%|████████▎ | 99/120 [00:00<00:00, 192.42it/s] 98%|█████████▊| 118/120 [00:00<00:00, 191.43it/s]100%|██████████| 120/120 [00:00<00:00, 192.54it/s]
[Mon Apr  6 22:56:05 2020]
Finished job 0.
1 of 1 steps (100%) done
