Building DAG of jobs...
Using shell: /bin/bash
Provided cores: 2
Rules claiming more threads will be scaled down.
Conda environments: ignored
Job counts:
	count	jobs
	1	template
	1

[Mon Apr  6 22:58:05 2020]
rule template:
    input: params.json, /cluster/tufts/hugheslab/code/covid19-forecasting/run_forecast.py, /cluster/tufts/hugheslab/code/covid19-forecasting/semimarkov_forecaster/__init__.py, /cluster/tufts/hugheslab/code/covid19-forecasting/semimarkov_forecaster/PatientTrajectory.py
    output: /cluster/tufts/hugheslab/mhughe02/forecast_results/demo_20200406/results-random_seed=1034.csv
    jobid: 0
    wildcards: output_dir=/cluster/tufts/hugheslab/mhughe02/forecast_results/demo_20200406, random_seed=1034

        dirname /cluster/tufts/hugheslab/mhughe02/forecast_results/demo_20200406/results-random_seed=1034.csv | xargs mkdir -p &&         python /cluster/tufts/hugheslab/code/covid19-forecasting/run_forecast.py             --config_file "params.json"             --random_seed "1034"             --output_file "/cluster/tufts/hugheslab/mhughe02/forecast_results/demo_20200406/results-random_seed=1034.csv"         
  0%|          | 0/120 [00:00<?, ?it/s] 14%|█▍        | 17/120 [00:00<00:00, 165.75it/s] 28%|██▊       | 34/120 [00:00<00:00, 165.97it/s] 43%|████▎     | 52/120 [00:00<00:00, 168.53it/s] 59%|█████▉    | 71/120 [00:00<00:00, 173.44it/s] 74%|███████▍  | 89/120 [00:00<00:00, 174.44it/s] 89%|████████▉ | 107/120 [00:00<00:00, 174.19it/s]100%|██████████| 120/120 [00:00<00:00, 173.66it/s]
[Mon Apr  6 22:58:07 2020]
Finished job 0.
1 of 1 steps (100%) done
