Building DAG of jobs...
Using shell: /bin/bash
Provided cores: 2
Rules claiming more threads will be scaled down.
Conda environments: ignored
Job counts:
	count	jobs
	1	template
	1

[Mon Apr  6 22:57:13 2020]
rule template:
    input: params.json, /cluster/tufts/hugheslab/code/covid19-forecasting/run_forecast.py, /cluster/tufts/hugheslab/code/covid19-forecasting/semimarkov_forecaster/__init__.py, /cluster/tufts/hugheslab/code/covid19-forecasting/semimarkov_forecaster/PatientTrajectory.py
    output: /cluster/tufts/hugheslab/mhughe02/forecast_results/demo_20200406/results-random_seed=1023.csv
    jobid: 0
    wildcards: output_dir=/cluster/tufts/hugheslab/mhughe02/forecast_results/demo_20200406, random_seed=1023

        dirname /cluster/tufts/hugheslab/mhughe02/forecast_results/demo_20200406/results-random_seed=1023.csv | xargs mkdir -p &&         python /cluster/tufts/hugheslab/code/covid19-forecasting/run_forecast.py             --config_file "params.json"             --random_seed "1023"             --output_file "/cluster/tufts/hugheslab/mhughe02/forecast_results/demo_20200406/results-random_seed=1023.csv"         
  0%|          | 0/120 [00:00<?, ?it/s] 12%|█▏        | 14/120 [00:00<00:00, 139.00it/s] 24%|██▍       | 29/120 [00:00<00:00, 141.37it/s] 38%|███▊      | 45/120 [00:00<00:00, 144.68it/s] 51%|█████     | 61/120 [00:00<00:00, 148.67it/s] 64%|██████▍   | 77/120 [00:00<00:00, 150.75it/s] 78%|███████▊  | 93/120 [00:00<00:00, 151.02it/s] 91%|█████████ | 109/120 [00:00<00:00, 151.97it/s]100%|██████████| 120/120 [00:00<00:00, 152.08it/s]
[Mon Apr  6 22:57:15 2020]
Finished job 0.
1 of 1 steps (100%) done
