Building DAG of jobs...
Using shell: /bin/bash
Provided cores: 2
Rules claiming more threads will be scaled down.
Conda environments: ignored
Job counts:
	count	jobs
	1	template
	1

[Mon Apr  6 22:56:54 2020]
rule template:
    input: params.json, /cluster/tufts/hugheslab/code/covid19-forecasting/run_forecast.py, /cluster/tufts/hugheslab/code/covid19-forecasting/semimarkov_forecaster/__init__.py, /cluster/tufts/hugheslab/code/covid19-forecasting/semimarkov_forecaster/PatientTrajectory.py
    output: /cluster/tufts/hugheslab/mhughe02/forecast_results/demo_20200406/results-random_seed=1032.csv
    jobid: 0
    wildcards: output_dir=/cluster/tufts/hugheslab/mhughe02/forecast_results/demo_20200406, random_seed=1032

        dirname /cluster/tufts/hugheslab/mhughe02/forecast_results/demo_20200406/results-random_seed=1032.csv | xargs mkdir -p &&         python /cluster/tufts/hugheslab/code/covid19-forecasting/run_forecast.py             --config_file "params.json"             --random_seed "1032"             --output_file "/cluster/tufts/hugheslab/mhughe02/forecast_results/demo_20200406/results-random_seed=1032.csv"         
  0%|          | 0/120 [00:00<?, ?it/s] 13%|█▎        | 16/120 [00:00<00:00, 152.52it/s] 28%|██▊       | 33/120 [00:00<00:00, 154.73it/s] 41%|████      | 49/120 [00:00<00:00, 154.91it/s] 53%|█████▎    | 64/120 [00:00<00:00, 152.56it/s] 67%|██████▋   | 80/120 [00:00<00:00, 152.71it/s] 79%|███████▉  | 95/120 [00:00<00:00, 150.62it/s] 92%|█████████▎| 111/120 [00:00<00:00, 151.73it/s]100%|██████████| 120/120 [00:00<00:00, 152.08it/s]
[Mon Apr  6 22:56:56 2020]
Finished job 0.
1 of 1 steps (100%) done
