Building DAG of jobs...
Using shell: /bin/bash
Provided cores: 2
Rules claiming more threads will be scaled down.
Conda environments: ignored
Job counts:
	count	jobs
	1	template
	1

[Mon Apr  6 22:57:43 2020]
rule template:
    input: params.json, /cluster/tufts/hugheslab/code/covid19-forecasting/run_forecast.py, /cluster/tufts/hugheslab/code/covid19-forecasting/semimarkov_forecaster/__init__.py, /cluster/tufts/hugheslab/code/covid19-forecasting/semimarkov_forecaster/PatientTrajectory.py
    output: /cluster/tufts/hugheslab/mhughe02/forecast_results/demo_20200406/results-random_seed=1035.csv
    jobid: 0
    wildcards: output_dir=/cluster/tufts/hugheslab/mhughe02/forecast_results/demo_20200406, random_seed=1035

        dirname /cluster/tufts/hugheslab/mhughe02/forecast_results/demo_20200406/results-random_seed=1035.csv | xargs mkdir -p &&         python /cluster/tufts/hugheslab/code/covid19-forecasting/run_forecast.py             --config_file "params.json"             --random_seed "1035"             --output_file "/cluster/tufts/hugheslab/mhughe02/forecast_results/demo_20200406/results-random_seed=1035.csv"         
  0%|          | 0/120 [00:00<?, ?it/s] 17%|█▋        | 20/120 [00:00<00:00, 198.78it/s] 32%|███▏      | 38/120 [00:00<00:00, 192.51it/s] 47%|████▋     | 56/120 [00:00<00:00, 188.13it/s] 60%|██████    | 72/120 [00:00<00:00, 175.13it/s] 73%|███████▎  | 88/120 [00:00<00:00, 169.41it/s] 87%|████████▋ | 104/120 [00:00<00:00, 166.21it/s]100%|██████████| 120/120 [00:00<00:00, 163.01it/s]100%|██████████| 120/120 [00:00<00:00, 168.33it/s]
[Mon Apr  6 22:57:45 2020]
Finished job 0.
1 of 1 steps (100%) done
