Building DAG of jobs...
Using shell: /bin/bash
Provided cores: 2
Rules claiming more threads will be scaled down.
Conda environments: ignored
Job counts:
	count	jobs
	1	template
	1

[Mon Apr  6 22:56:06 2020]
rule template:
    input: params.json, /cluster/tufts/hugheslab/code/covid19-forecasting/run_forecast.py, /cluster/tufts/hugheslab/code/covid19-forecasting/semimarkov_forecaster/__init__.py, /cluster/tufts/hugheslab/code/covid19-forecasting/semimarkov_forecaster/PatientTrajectory.py
    output: /cluster/tufts/hugheslab/mhughe02/forecast_results/demo_20200406/results-random_seed=1028.csv
    jobid: 0
    wildcards: output_dir=/cluster/tufts/hugheslab/mhughe02/forecast_results/demo_20200406, random_seed=1028

        dirname /cluster/tufts/hugheslab/mhughe02/forecast_results/demo_20200406/results-random_seed=1028.csv | xargs mkdir -p &&         python /cluster/tufts/hugheslab/code/covid19-forecasting/run_forecast.py             --config_file "params.json"             --random_seed "1028"             --output_file "/cluster/tufts/hugheslab/mhughe02/forecast_results/demo_20200406/results-random_seed=1028.csv"         
  0%|          | 0/120 [00:00<?, ?it/s] 16%|█▌        | 19/120 [00:00<00:00, 181.60it/s] 32%|███▎      | 39/120 [00:00<00:00, 185.20it/s] 48%|████▊     | 58/120 [00:00<00:00, 183.49it/s] 65%|██████▌   | 78/120 [00:00<00:00, 187.64it/s] 82%|████████▎ | 99/120 [00:00<00:00, 191.35it/s] 99%|█████████▉| 119/120 [00:00<00:00, 193.20it/s]100%|██████████| 120/120 [00:00<00:00, 191.58it/s]
[Mon Apr  6 22:56:07 2020]
Finished job 0.
1 of 1 steps (100%) done
