Building DAG of jobs...
Using shell: /bin/bash
Provided cores: 2
Rules claiming more threads will be scaled down.
Conda environments: ignored
Job counts:
	count	jobs
	1	template
	1

[Mon Apr  6 22:57:37 2020]
rule template:
    input: params.json, /cluster/tufts/hugheslab/code/covid19-forecasting/run_forecast.py, /cluster/tufts/hugheslab/code/covid19-forecasting/semimarkov_forecaster/__init__.py, /cluster/tufts/hugheslab/code/covid19-forecasting/semimarkov_forecaster/PatientTrajectory.py
    output: /cluster/tufts/hugheslab/mhughe02/forecast_results/demo_20200406/results-random_seed=1017.csv
    jobid: 0
    wildcards: output_dir=/cluster/tufts/hugheslab/mhughe02/forecast_results/demo_20200406, random_seed=1017

        dirname /cluster/tufts/hugheslab/mhughe02/forecast_results/demo_20200406/results-random_seed=1017.csv | xargs mkdir -p &&         python /cluster/tufts/hugheslab/code/covid19-forecasting/run_forecast.py             --config_file "params.json"             --random_seed "1017"             --output_file "/cluster/tufts/hugheslab/mhughe02/forecast_results/demo_20200406/results-random_seed=1017.csv"         
  0%|          | 0/120 [00:00<?, ?it/s] 12%|█▎        | 15/120 [00:00<00:00, 148.83it/s] 26%|██▌       | 31/120 [00:00<00:00, 148.91it/s] 39%|███▉      | 47/120 [00:00<00:00, 149.20it/s] 52%|█████▎    | 63/120 [00:00<00:00, 151.25it/s] 67%|██████▋   | 80/120 [00:00<00:00, 155.96it/s] 82%|████████▎ | 99/120 [00:00<00:00, 164.82it/s] 98%|█████████▊| 118/120 [00:00<00:00, 169.31it/s]100%|██████████| 120/120 [00:00<00:00, 163.07it/s]
[Mon Apr  6 22:57:39 2020]
Finished job 0.
1 of 1 steps (100%) done
