Building DAG of jobs...
Using shell: /bin/bash
Provided cores: 2
Rules claiming more threads will be scaled down.
Conda environments: ignored
Job counts:
	count	jobs
	1	template
	1

[Mon Apr  6 22:56:57 2020]
rule template:
    input: params.json, /cluster/tufts/hugheslab/code/covid19-forecasting/run_forecast.py, /cluster/tufts/hugheslab/code/covid19-forecasting/semimarkov_forecaster/__init__.py, /cluster/tufts/hugheslab/code/covid19-forecasting/semimarkov_forecaster/PatientTrajectory.py
    output: /cluster/tufts/hugheslab/mhughe02/forecast_results/demo_20200406/results-random_seed=1082.csv
    jobid: 0
    wildcards: output_dir=/cluster/tufts/hugheslab/mhughe02/forecast_results/demo_20200406, random_seed=1082

        dirname /cluster/tufts/hugheslab/mhughe02/forecast_results/demo_20200406/results-random_seed=1082.csv | xargs mkdir -p &&         python /cluster/tufts/hugheslab/code/covid19-forecasting/run_forecast.py             --config_file "params.json"             --random_seed "1082"             --output_file "/cluster/tufts/hugheslab/mhughe02/forecast_results/demo_20200406/results-random_seed=1082.csv"         
  0%|          | 0/120 [00:00<?, ?it/s] 14%|█▍        | 17/120 [00:00<00:00, 168.70it/s] 29%|██▉       | 35/120 [00:00<00:00, 169.27it/s] 44%|████▍     | 53/120 [00:00<00:00, 169.66it/s] 58%|█████▊    | 70/120 [00:00<00:00, 168.54it/s] 73%|███████▎  | 88/120 [00:00<00:00, 169.82it/s] 88%|████████▊ | 106/120 [00:00<00:00, 172.27it/s]100%|██████████| 120/120 [00:00<00:00, 170.88it/s]
[Mon Apr  6 22:56:59 2020]
Finished job 0.
1 of 1 steps (100%) done
