Building DAG of jobs...
Using shell: /bin/bash
Provided cores: 2
Rules claiming more threads will be scaled down.
Conda environments: ignored
Job counts:
	count	jobs
	1	template
	1

[Mon Apr  6 22:57:57 2020]
rule template:
    input: params.json, /cluster/tufts/hugheslab/code/covid19-forecasting/run_forecast.py, /cluster/tufts/hugheslab/code/covid19-forecasting/semimarkov_forecaster/__init__.py, /cluster/tufts/hugheslab/code/covid19-forecasting/semimarkov_forecaster/PatientTrajectory.py
    output: /cluster/tufts/hugheslab/mhughe02/forecast_results/demo_20200406/results-random_seed=1008.csv
    jobid: 0
    wildcards: output_dir=/cluster/tufts/hugheslab/mhughe02/forecast_results/demo_20200406, random_seed=1008

        dirname /cluster/tufts/hugheslab/mhughe02/forecast_results/demo_20200406/results-random_seed=1008.csv | xargs mkdir -p &&         python /cluster/tufts/hugheslab/code/covid19-forecasting/run_forecast.py             --config_file "params.json"             --random_seed "1008"             --output_file "/cluster/tufts/hugheslab/mhughe02/forecast_results/demo_20200406/results-random_seed=1008.csv"         
  0%|          | 0/120 [00:00<?, ?it/s] 13%|█▎        | 16/120 [00:00<00:00, 155.97it/s] 26%|██▌       | 31/120 [00:00<00:00, 152.82it/s] 39%|███▉      | 47/120 [00:00<00:00, 154.37it/s] 52%|█████▎    | 63/120 [00:00<00:00, 153.91it/s] 67%|██████▋   | 80/120 [00:00<00:00, 155.75it/s] 80%|████████  | 96/120 [00:00<00:00, 156.53it/s] 93%|█████████▎| 112/120 [00:00<00:00, 154.67it/s]100%|██████████| 120/120 [00:00<00:00, 155.16it/s]
[Mon Apr  6 22:57:59 2020]
Finished job 0.
1 of 1 steps (100%) done
