Building DAG of jobs...
Using shell: /bin/bash
Provided cores: 2
Rules claiming more threads will be scaled down.
Conda environments: ignored
Job counts:
	count	jobs
	1	template
	1

[Mon Apr  6 22:57:29 2020]
rule template:
    input: params.json, /cluster/tufts/hugheslab/code/covid19-forecasting/run_forecast.py, /cluster/tufts/hugheslab/code/covid19-forecasting/semimarkov_forecaster/__init__.py, /cluster/tufts/hugheslab/code/covid19-forecasting/semimarkov_forecaster/PatientTrajectory.py
    output: /cluster/tufts/hugheslab/mhughe02/forecast_results/demo_20200406/results-random_seed=1031.csv
    jobid: 0
    wildcards: output_dir=/cluster/tufts/hugheslab/mhughe02/forecast_results/demo_20200406, random_seed=1031

        dirname /cluster/tufts/hugheslab/mhughe02/forecast_results/demo_20200406/results-random_seed=1031.csv | xargs mkdir -p &&         python /cluster/tufts/hugheslab/code/covid19-forecasting/run_forecast.py             --config_file "params.json"             --random_seed "1031"             --output_file "/cluster/tufts/hugheslab/mhughe02/forecast_results/demo_20200406/results-random_seed=1031.csv"         
  0%|          | 0/120 [00:00<?, ?it/s] 14%|█▍        | 17/120 [00:00<00:00, 160.18it/s] 30%|███       | 36/120 [00:00<00:00, 165.84it/s] 45%|████▌     | 54/120 [00:00<00:00, 168.95it/s] 60%|██████    | 72/120 [00:00<00:00, 169.33it/s] 75%|███████▌  | 90/120 [00:00<00:00, 171.18it/s] 90%|█████████ | 108/120 [00:00<00:00, 171.22it/s]100%|██████████| 120/120 [00:00<00:00, 172.71it/s]
[Mon Apr  6 22:57:30 2020]
Finished job 0.
1 of 1 steps (100%) done
