Building DAG of jobs...
Using shell: /bin/bash
Provided cores: 2
Rules claiming more threads will be scaled down.
Conda environments: ignored
Job counts:
	count	jobs
	1	template
	1

[Mon Apr  6 22:57:03 2020]
rule template:
    input: params.json, /cluster/tufts/hugheslab/code/covid19-forecasting/run_forecast.py, /cluster/tufts/hugheslab/code/covid19-forecasting/semimarkov_forecaster/__init__.py, /cluster/tufts/hugheslab/code/covid19-forecasting/semimarkov_forecaster/PatientTrajectory.py
    output: /cluster/tufts/hugheslab/mhughe02/forecast_results/demo_20200406/results-random_seed=1015.csv
    jobid: 0
    wildcards: output_dir=/cluster/tufts/hugheslab/mhughe02/forecast_results/demo_20200406, random_seed=1015

        dirname /cluster/tufts/hugheslab/mhughe02/forecast_results/demo_20200406/results-random_seed=1015.csv | xargs mkdir -p &&         python /cluster/tufts/hugheslab/code/covid19-forecasting/run_forecast.py             --config_file "params.json"             --random_seed "1015"             --output_file "/cluster/tufts/hugheslab/mhughe02/forecast_results/demo_20200406/results-random_seed=1015.csv"         
  0%|          | 0/120 [00:00<?, ?it/s] 14%|█▍        | 17/120 [00:00<00:00, 159.60it/s] 28%|██▊       | 33/120 [00:00<00:00, 157.86it/s] 41%|████      | 49/120 [00:00<00:00, 158.38it/s] 54%|█████▍    | 65/120 [00:00<00:00, 158.72it/s] 68%|██████▊   | 82/120 [00:00<00:00, 159.72it/s] 82%|████████▏ | 98/120 [00:00<00:00, 158.15it/s] 95%|█████████▌| 114/120 [00:00<00:00, 158.05it/s]100%|██████████| 120/120 [00:00<00:00, 157.64it/s]
[Mon Apr  6 22:57:04 2020]
Finished job 0.
1 of 1 steps (100%) done
