Building DAG of jobs...
Using shell: /bin/bash
Provided cores: 2
Rules claiming more threads will be scaled down.
Conda environments: ignored
Job counts:
	count	jobs
	1	template
	1

[Mon Apr  6 22:57:22 2020]
rule template:
    input: params.json, /cluster/tufts/hugheslab/code/covid19-forecasting/run_forecast.py, /cluster/tufts/hugheslab/code/covid19-forecasting/semimarkov_forecaster/__init__.py, /cluster/tufts/hugheslab/code/covid19-forecasting/semimarkov_forecaster/PatientTrajectory.py
    output: /cluster/tufts/hugheslab/mhughe02/forecast_results/demo_20200406/results-random_seed=1077.csv
    jobid: 0
    wildcards: output_dir=/cluster/tufts/hugheslab/mhughe02/forecast_results/demo_20200406, random_seed=1077

        dirname /cluster/tufts/hugheslab/mhughe02/forecast_results/demo_20200406/results-random_seed=1077.csv | xargs mkdir -p &&         python /cluster/tufts/hugheslab/code/covid19-forecasting/run_forecast.py             --config_file "params.json"             --random_seed "1077"             --output_file "/cluster/tufts/hugheslab/mhughe02/forecast_results/demo_20200406/results-random_seed=1077.csv"         
  0%|          | 0/120 [00:00<?, ?it/s] 12%|█▎        | 15/120 [00:00<00:00, 148.21it/s] 25%|██▌       | 30/120 [00:00<00:00, 148.68it/s] 38%|███▊      | 46/120 [00:00<00:00, 151.14it/s] 51%|█████     | 61/120 [00:00<00:00, 149.80it/s] 64%|██████▍   | 77/120 [00:00<00:00, 152.16it/s] 81%|████████  | 97/120 [00:00<00:00, 163.27it/s] 98%|█████████▊| 117/120 [00:00<00:00, 171.47it/s]100%|██████████| 120/120 [00:00<00:00, 165.04it/s]
[Mon Apr  6 22:57:24 2020]
Finished job 0.
1 of 1 steps (100%) done
