Building DAG of jobs...
Using shell: /bin/bash
Provided cores: 2
Rules claiming more threads will be scaled down.
Conda environments: ignored
Job counts:
	count	jobs
	1	template
	1

[Mon Apr  6 22:57:04 2020]
rule template:
    input: params.json, /cluster/tufts/hugheslab/code/covid19-forecasting/run_forecast.py, /cluster/tufts/hugheslab/code/covid19-forecasting/semimarkov_forecaster/__init__.py, /cluster/tufts/hugheslab/code/covid19-forecasting/semimarkov_forecaster/PatientTrajectory.py
    output: /cluster/tufts/hugheslab/mhughe02/forecast_results/demo_20200406/results-random_seed=1029.csv
    jobid: 0
    wildcards: output_dir=/cluster/tufts/hugheslab/mhughe02/forecast_results/demo_20200406, random_seed=1029

        dirname /cluster/tufts/hugheslab/mhughe02/forecast_results/demo_20200406/results-random_seed=1029.csv | xargs mkdir -p &&         python /cluster/tufts/hugheslab/code/covid19-forecasting/run_forecast.py             --config_file "params.json"             --random_seed "1029"             --output_file "/cluster/tufts/hugheslab/mhughe02/forecast_results/demo_20200406/results-random_seed=1029.csv"         
  0%|          | 0/120 [00:00<?, ?it/s] 13%|█▎        | 16/120 [00:00<00:00, 150.03it/s] 27%|██▋       | 32/120 [00:00<00:00, 149.93it/s] 39%|███▉      | 47/120 [00:00<00:00, 149.34it/s] 52%|█████▎    | 63/120 [00:00<00:00, 150.47it/s] 67%|██████▋   | 80/120 [00:00<00:00, 152.89it/s] 80%|████████  | 96/120 [00:00<00:00, 153.08it/s] 93%|█████████▎| 112/120 [00:00<00:00, 153.22it/s]100%|██████████| 120/120 [00:00<00:00, 152.06it/s]
[Mon Apr  6 22:57:05 2020]
Finished job 0.
1 of 1 steps (100%) done
