Building DAG of jobs...
Using shell: /bin/bash
Provided cores: 2
Rules claiming more threads will be scaled down.
Conda environments: ignored
Job counts:
	count	jobs
	1	template
	1

[Mon Apr  6 22:57:52 2020]
rule template:
    input: params.json, /cluster/tufts/hugheslab/code/covid19-forecasting/run_forecast.py, /cluster/tufts/hugheslab/code/covid19-forecasting/semimarkov_forecaster/__init__.py, /cluster/tufts/hugheslab/code/covid19-forecasting/semimarkov_forecaster/PatientTrajectory.py
    output: /cluster/tufts/hugheslab/mhughe02/forecast_results/demo_20200406/results-random_seed=1074.csv
    jobid: 0
    wildcards: output_dir=/cluster/tufts/hugheslab/mhughe02/forecast_results/demo_20200406, random_seed=1074

        dirname /cluster/tufts/hugheslab/mhughe02/forecast_results/demo_20200406/results-random_seed=1074.csv | xargs mkdir -p &&         python /cluster/tufts/hugheslab/code/covid19-forecasting/run_forecast.py             --config_file "params.json"             --random_seed "1074"             --output_file "/cluster/tufts/hugheslab/mhughe02/forecast_results/demo_20200406/results-random_seed=1074.csv"         
  0%|          | 0/120 [00:00<?, ?it/s] 14%|█▍        | 17/120 [00:00<00:00, 166.11it/s] 29%|██▉       | 35/120 [00:00<00:00, 167.50it/s] 44%|████▍     | 53/120 [00:00<00:00, 168.14it/s] 59%|█████▉    | 71/120 [00:00<00:00, 169.24it/s] 74%|███████▍  | 89/120 [00:00<00:00, 171.15it/s] 89%|████████▉ | 107/120 [00:00<00:00, 173.09it/s]100%|██████████| 120/120 [00:00<00:00, 171.56it/s]
[Mon Apr  6 22:57:54 2020]
Finished job 0.
1 of 1 steps (100%) done
