Building DAG of jobs...
Using shell: /bin/bash
Provided cores: 2
Rules claiming more threads will be scaled down.
Conda environments: ignored
Job counts:
	count	jobs
	1	template
	1

[Mon Apr  6 22:56:10 2020]
rule template:
    input: params.json, /cluster/tufts/hugheslab/code/covid19-forecasting/run_forecast.py, /cluster/tufts/hugheslab/code/covid19-forecasting/semimarkov_forecaster/__init__.py, /cluster/tufts/hugheslab/code/covid19-forecasting/semimarkov_forecaster/PatientTrajectory.py
    output: /cluster/tufts/hugheslab/mhughe02/forecast_results/demo_20200406/results-random_seed=1063.csv
    jobid: 0
    wildcards: output_dir=/cluster/tufts/hugheslab/mhughe02/forecast_results/demo_20200406, random_seed=1063

        dirname /cluster/tufts/hugheslab/mhughe02/forecast_results/demo_20200406/results-random_seed=1063.csv | xargs mkdir -p &&         python /cluster/tufts/hugheslab/code/covid19-forecasting/run_forecast.py             --config_file "params.json"             --random_seed "1063"             --output_file "/cluster/tufts/hugheslab/mhughe02/forecast_results/demo_20200406/results-random_seed=1063.csv"         
  0%|          | 0/120 [00:00<?, ?it/s] 15%|█▌        | 18/120 [00:00<00:00, 173.47it/s] 29%|██▉       | 35/120 [00:00<00:00, 170.12it/s] 44%|████▍     | 53/120 [00:00<00:00, 171.85it/s] 59%|█████▉    | 71/120 [00:00<00:00, 173.01it/s] 74%|███████▍  | 89/120 [00:00<00:00, 172.60it/s] 89%|████████▉ | 107/120 [00:00<00:00, 173.58it/s]100%|██████████| 120/120 [00:00<00:00, 172.77it/s]
[Mon Apr  6 22:56:12 2020]
Finished job 0.
1 of 1 steps (100%) done
