Building DAG of jobs...
Using shell: /bin/bash
Provided cores: 2
Rules claiming more threads will be scaled down.
Conda environments: ignored
Job counts:
	count	jobs
	1	template
	1

[Mon Apr  6 22:56:08 2020]
rule template:
    input: params.json, /cluster/tufts/hugheslab/code/covid19-forecasting/run_forecast.py, /cluster/tufts/hugheslab/code/covid19-forecasting/semimarkov_forecaster/__init__.py, /cluster/tufts/hugheslab/code/covid19-forecasting/semimarkov_forecaster/PatientTrajectory.py
    output: /cluster/tufts/hugheslab/mhughe02/forecast_results/demo_20200406/results-random_seed=1097.csv
    jobid: 0
    wildcards: output_dir=/cluster/tufts/hugheslab/mhughe02/forecast_results/demo_20200406, random_seed=1097

        dirname /cluster/tufts/hugheslab/mhughe02/forecast_results/demo_20200406/results-random_seed=1097.csv | xargs mkdir -p &&         python /cluster/tufts/hugheslab/code/covid19-forecasting/run_forecast.py             --config_file "params.json"             --random_seed "1097"             --output_file "/cluster/tufts/hugheslab/mhughe02/forecast_results/demo_20200406/results-random_seed=1097.csv"         
  0%|          | 0/120 [00:00<?, ?it/s] 15%|█▌        | 18/120 [00:00<00:00, 170.41it/s] 30%|███       | 36/120 [00:00<00:00, 171.22it/s] 45%|████▌     | 54/120 [00:00<00:00, 171.63it/s] 59%|█████▉    | 71/120 [00:00<00:00, 170.24it/s] 73%|███████▎  | 88/120 [00:00<00:00, 169.77it/s] 88%|████████▊ | 106/120 [00:00<00:00, 171.09it/s]100%|██████████| 120/120 [00:00<00:00, 170.98it/s]
[Mon Apr  6 22:56:09 2020]
Finished job 0.
1 of 1 steps (100%) done
