Building DAG of jobs...
Using shell: /bin/bash
Provided cores: 2
Rules claiming more threads will be scaled down.
Conda environments: ignored
Job counts:
	count	jobs
	1	template
	1

[Mon Apr  6 22:57:46 2020]
rule template:
    input: params.json, /cluster/tufts/hugheslab/code/covid19-forecasting/run_forecast.py, /cluster/tufts/hugheslab/code/covid19-forecasting/semimarkov_forecaster/__init__.py, /cluster/tufts/hugheslab/code/covid19-forecasting/semimarkov_forecaster/PatientTrajectory.py
    output: /cluster/tufts/hugheslab/mhughe02/forecast_results/demo_20200406/results-random_seed=1060.csv
    jobid: 0
    wildcards: output_dir=/cluster/tufts/hugheslab/mhughe02/forecast_results/demo_20200406, random_seed=1060

        dirname /cluster/tufts/hugheslab/mhughe02/forecast_results/demo_20200406/results-random_seed=1060.csv | xargs mkdir -p &&         python /cluster/tufts/hugheslab/code/covid19-forecasting/run_forecast.py             --config_file "params.json"             --random_seed "1060"             --output_file "/cluster/tufts/hugheslab/mhughe02/forecast_results/demo_20200406/results-random_seed=1060.csv"         
  0%|          | 0/120 [00:00<?, ?it/s] 13%|█▎        | 16/120 [00:00<00:00, 157.70it/s] 28%|██▊       | 34/120 [00:00<00:00, 161.43it/s] 42%|████▎     | 51/120 [00:00<00:00, 161.86it/s] 57%|█████▋    | 68/120 [00:00<00:00, 163.20it/s] 72%|███████▏  | 86/120 [00:00<00:00, 166.06it/s] 87%|████████▋ | 104/120 [00:00<00:00, 168.78it/s]100%|██████████| 120/120 [00:00<00:00, 167.94it/s]
[Mon Apr  6 22:57:48 2020]
Finished job 0.
1 of 1 steps (100%) done
