Building DAG of jobs...
Using shell: /bin/bash
Provided cores: 2
Rules claiming more threads will be scaled down.
Conda environments: ignored
Job counts:
	count	jobs
	1	template
	1

[Mon Apr  6 22:57:05 2020]
rule template:
    input: params.json, /cluster/tufts/hugheslab/code/covid19-forecasting/run_forecast.py, /cluster/tufts/hugheslab/code/covid19-forecasting/semimarkov_forecaster/__init__.py, /cluster/tufts/hugheslab/code/covid19-forecasting/semimarkov_forecaster/PatientTrajectory.py
    output: /cluster/tufts/hugheslab/mhughe02/forecast_results/demo_20200406/results-random_seed=1065.csv
    jobid: 0
    wildcards: output_dir=/cluster/tufts/hugheslab/mhughe02/forecast_results/demo_20200406, random_seed=1065

        dirname /cluster/tufts/hugheslab/mhughe02/forecast_results/demo_20200406/results-random_seed=1065.csv | xargs mkdir -p &&         python /cluster/tufts/hugheslab/code/covid19-forecasting/run_forecast.py             --config_file "params.json"             --random_seed "1065"             --output_file "/cluster/tufts/hugheslab/mhughe02/forecast_results/demo_20200406/results-random_seed=1065.csv"         
  0%|          | 0/120 [00:00<?, ?it/s] 15%|█▌        | 18/120 [00:00<00:00, 177.82it/s] 30%|███       | 36/120 [00:00<00:00, 178.23it/s] 45%|████▌     | 54/120 [00:00<00:00, 178.33it/s] 60%|██████    | 72/120 [00:00<00:00, 177.64it/s] 75%|███████▌  | 90/120 [00:00<00:00, 175.37it/s] 90%|█████████ | 108/120 [00:00<00:00, 174.95it/s]100%|██████████| 120/120 [00:00<00:00, 174.98it/s]
[Mon Apr  6 22:57:07 2020]
Finished job 0.
1 of 1 steps (100%) done
