Building DAG of jobs...
Using shell: /bin/bash
Provided cores: 2
Rules claiming more threads will be scaled down.
Conda environments: ignored
Job counts:
	count	jobs
	1	template
	1

[Mon Apr  6 22:56:09 2020]
rule template:
    input: params.json, /cluster/tufts/hugheslab/code/covid19-forecasting/run_forecast.py, /cluster/tufts/hugheslab/code/covid19-forecasting/semimarkov_forecaster/__init__.py, /cluster/tufts/hugheslab/code/covid19-forecasting/semimarkov_forecaster/PatientTrajectory.py
    output: /cluster/tufts/hugheslab/mhughe02/forecast_results/demo_20200406/results-random_seed=1019.csv
    jobid: 0
    wildcards: output_dir=/cluster/tufts/hugheslab/mhughe02/forecast_results/demo_20200406, random_seed=1019

        dirname /cluster/tufts/hugheslab/mhughe02/forecast_results/demo_20200406/results-random_seed=1019.csv | xargs mkdir -p &&         python /cluster/tufts/hugheslab/code/covid19-forecasting/run_forecast.py             --config_file "params.json"             --random_seed "1019"             --output_file "/cluster/tufts/hugheslab/mhughe02/forecast_results/demo_20200406/results-random_seed=1019.csv"         
  0%|          | 0/120 [00:00<?, ?it/s] 13%|█▎        | 16/120 [00:00<00:00, 152.49it/s] 27%|██▋       | 32/120 [00:00<00:00, 154.16it/s] 41%|████      | 49/120 [00:00<00:00, 156.34it/s] 54%|█████▍    | 65/120 [00:00<00:00, 156.20it/s] 68%|██████▊   | 82/120 [00:00<00:00, 158.04it/s] 82%|████████▎ | 99/120 [00:00<00:00, 159.37it/s] 96%|█████████▌| 115/120 [00:00<00:00, 159.19it/s]100%|██████████| 120/120 [00:00<00:00, 158.82it/s]
[Mon Apr  6 22:56:11 2020]
Finished job 0.
1 of 1 steps (100%) done
