Building DAG of jobs...
Using shell: /bin/bash
Provided cores: 2
Rules claiming more threads will be scaled down.
Conda environments: ignored
Job counts:
	count	jobs
	1	template
	1

[Mon Apr  6 22:56:38 2020]
rule template:
    input: params.json, /cluster/tufts/hugheslab/code/covid19-forecasting/run_forecast.py, /cluster/tufts/hugheslab/code/covid19-forecasting/semimarkov_forecaster/__init__.py, /cluster/tufts/hugheslab/code/covid19-forecasting/semimarkov_forecaster/PatientTrajectory.py
    output: /cluster/tufts/hugheslab/mhughe02/forecast_results/demo_20200406/results-random_seed=1064.csv
    jobid: 0
    wildcards: output_dir=/cluster/tufts/hugheslab/mhughe02/forecast_results/demo_20200406, random_seed=1064

        dirname /cluster/tufts/hugheslab/mhughe02/forecast_results/demo_20200406/results-random_seed=1064.csv | xargs mkdir -p &&         python /cluster/tufts/hugheslab/code/covid19-forecasting/run_forecast.py             --config_file "params.json"             --random_seed "1064"             --output_file "/cluster/tufts/hugheslab/mhughe02/forecast_results/demo_20200406/results-random_seed=1064.csv"         
  0%|          | 0/120 [00:00<?, ?it/s] 14%|█▍        | 17/120 [00:00<00:00, 164.60it/s] 29%|██▉       | 35/120 [00:00<00:00, 167.39it/s] 44%|████▍     | 53/120 [00:00<00:00, 170.37it/s] 58%|█████▊    | 70/120 [00:00<00:00, 168.71it/s] 74%|███████▍  | 89/120 [00:00<00:00, 172.33it/s] 88%|████████▊ | 106/120 [00:00<00:00, 171.44it/s]100%|██████████| 120/120 [00:00<00:00, 172.51it/s]
[Mon Apr  6 22:56:39 2020]
Finished job 0.
1 of 1 steps (100%) done
