Building DAG of jobs...
Using shell: /bin/bash
Provided cores: 2
Rules claiming more threads will be scaled down.
Conda environments: ignored
Job counts:
	count	jobs
	1	template
	1

[Mon Apr  6 22:56:51 2020]
rule template:
    input: params.json, /cluster/tufts/hugheslab/code/covid19-forecasting/run_forecast.py, /cluster/tufts/hugheslab/code/covid19-forecasting/semimarkov_forecaster/__init__.py, /cluster/tufts/hugheslab/code/covid19-forecasting/semimarkov_forecaster/PatientTrajectory.py
    output: /cluster/tufts/hugheslab/mhughe02/forecast_results/demo_20200406/results-random_seed=1009.csv
    jobid: 0
    wildcards: output_dir=/cluster/tufts/hugheslab/mhughe02/forecast_results/demo_20200406, random_seed=1009

        dirname /cluster/tufts/hugheslab/mhughe02/forecast_results/demo_20200406/results-random_seed=1009.csv | xargs mkdir -p &&         python /cluster/tufts/hugheslab/code/covid19-forecasting/run_forecast.py             --config_file "params.json"             --random_seed "1009"             --output_file "/cluster/tufts/hugheslab/mhughe02/forecast_results/demo_20200406/results-random_seed=1009.csv"         
  0%|          | 0/120 [00:00<?, ?it/s] 17%|█▋        | 20/120 [00:00<00:00, 191.59it/s] 32%|███▎      | 39/120 [00:00<00:00, 189.47it/s] 49%|████▉     | 59/120 [00:00<00:00, 189.57it/s] 65%|██████▌   | 78/120 [00:00<00:00, 188.44it/s] 81%|████████  | 97/120 [00:00<00:00, 187.27it/s] 98%|█████████▊| 117/120 [00:00<00:00, 187.89it/s]100%|██████████| 120/120 [00:00<00:00, 187.40it/s]
[Mon Apr  6 22:56:53 2020]
Finished job 0.
1 of 1 steps (100%) done
