Building DAG of jobs...
Using shell: /bin/bash
Provided cores: 2
Rules claiming more threads will be scaled down.
Conda environments: ignored
Job counts:
	count	jobs
	1	template
	1

[Mon Apr  6 22:58:03 2020]
rule template:
    input: params.json, /cluster/tufts/hugheslab/code/covid19-forecasting/run_forecast.py, /cluster/tufts/hugheslab/code/covid19-forecasting/semimarkov_forecaster/__init__.py, /cluster/tufts/hugheslab/code/covid19-forecasting/semimarkov_forecaster/PatientTrajectory.py
    output: /cluster/tufts/hugheslab/mhughe02/forecast_results/demo_20200406/results-random_seed=1099.csv
    jobid: 0
    wildcards: output_dir=/cluster/tufts/hugheslab/mhughe02/forecast_results/demo_20200406, random_seed=1099

        dirname /cluster/tufts/hugheslab/mhughe02/forecast_results/demo_20200406/results-random_seed=1099.csv | xargs mkdir -p &&         python /cluster/tufts/hugheslab/code/covid19-forecasting/run_forecast.py             --config_file "params.json"             --random_seed "1099"             --output_file "/cluster/tufts/hugheslab/mhughe02/forecast_results/demo_20200406/results-random_seed=1099.csv"         
  0%|          | 0/120 [00:00<?, ?it/s] 12%|█▎        | 15/120 [00:00<00:00, 143.43it/s] 25%|██▌       | 30/120 [00:00<00:00, 142.50it/s] 38%|███▊      | 45/120 [00:00<00:00, 143.06it/s] 51%|█████     | 61/120 [00:00<00:00, 146.83it/s] 64%|██████▍   | 77/120 [00:00<00:00, 147.67it/s] 78%|███████▊  | 93/120 [00:00<00:00, 150.96it/s] 91%|█████████ | 109/120 [00:00<00:00, 151.02it/s]100%|██████████| 120/120 [00:00<00:00, 150.01it/s]
[Mon Apr  6 22:58:05 2020]
Finished job 0.
1 of 1 steps (100%) done
