Building DAG of jobs...
Using shell: /bin/bash
Provided cores: 2
Rules claiming more threads will be scaled down.
Conda environments: ignored
Job counts:
	count	jobs
	1	template
	1

[Mon Apr  6 22:56:24 2020]
rule template:
    input: params.json, /cluster/tufts/hugheslab/code/covid19-forecasting/run_forecast.py, /cluster/tufts/hugheslab/code/covid19-forecasting/semimarkov_forecaster/__init__.py, /cluster/tufts/hugheslab/code/covid19-forecasting/semimarkov_forecaster/PatientTrajectory.py
    output: /cluster/tufts/hugheslab/mhughe02/forecast_results/demo_20200406/results-random_seed=1045.csv
    jobid: 0
    wildcards: output_dir=/cluster/tufts/hugheslab/mhughe02/forecast_results/demo_20200406, random_seed=1045

        dirname /cluster/tufts/hugheslab/mhughe02/forecast_results/demo_20200406/results-random_seed=1045.csv | xargs mkdir -p &&         python /cluster/tufts/hugheslab/code/covid19-forecasting/run_forecast.py             --config_file "params.json"             --random_seed "1045"             --output_file "/cluster/tufts/hugheslab/mhughe02/forecast_results/demo_20200406/results-random_seed=1045.csv"         
  0%|          | 0/120 [00:00<?, ?it/s] 12%|█▎        | 15/120 [00:00<00:00, 145.94it/s] 25%|██▌       | 30/120 [00:00<00:00, 145.63it/s] 38%|███▊      | 46/120 [00:00<00:00, 147.13it/s] 52%|█████▏    | 62/120 [00:00<00:00, 148.67it/s] 65%|██████▌   | 78/120 [00:00<00:00, 151.27it/s] 82%|████████▎ | 99/120 [00:00<00:00, 164.64it/s]100%|██████████| 120/120 [00:00<00:00, 175.32it/s]100%|██████████| 120/120 [00:00<00:00, 166.19it/s]
[Mon Apr  6 22:56:26 2020]
Finished job 0.
1 of 1 steps (100%) done
