Building DAG of jobs...
Using shell: /bin/bash
Provided cores: 2
Rules claiming more threads will be scaled down.
Conda environments: ignored
Job counts:
	count	jobs
	1	template
	1

[Mon Apr  6 22:56:12 2020]
rule template:
    input: params.json, /cluster/tufts/hugheslab/code/covid19-forecasting/run_forecast.py, /cluster/tufts/hugheslab/code/covid19-forecasting/semimarkov_forecaster/__init__.py, /cluster/tufts/hugheslab/code/covid19-forecasting/semimarkov_forecaster/PatientTrajectory.py
    output: /cluster/tufts/hugheslab/mhughe02/forecast_results/demo_20200406/results-random_seed=1039.csv
    jobid: 0
    wildcards: output_dir=/cluster/tufts/hugheslab/mhughe02/forecast_results/demo_20200406, random_seed=1039

        dirname /cluster/tufts/hugheslab/mhughe02/forecast_results/demo_20200406/results-random_seed=1039.csv | xargs mkdir -p &&         python /cluster/tufts/hugheslab/code/covid19-forecasting/run_forecast.py             --config_file "params.json"             --random_seed "1039"             --output_file "/cluster/tufts/hugheslab/mhughe02/forecast_results/demo_20200406/results-random_seed=1039.csv"         
  0%|          | 0/120 [00:00<?, ?it/s] 13%|█▎        | 16/120 [00:00<00:00, 157.54it/s] 27%|██▋       | 32/120 [00:00<00:00, 155.39it/s] 39%|███▉      | 47/120 [00:00<00:00, 152.99it/s] 52%|█████▎    | 63/120 [00:00<00:00, 152.61it/s] 68%|██████▊   | 81/120 [00:00<00:00, 158.69it/s] 84%|████████▍ | 101/120 [00:00<00:00, 166.47it/s]100%|██████████| 120/120 [00:00<00:00, 166.29it/s]
[Mon Apr  6 22:56:13 2020]
Finished job 0.
1 of 1 steps (100%) done
