Building DAG of jobs...
Using shell: /bin/bash
Provided cores: 2
Rules claiming more threads will be scaled down.
Conda environments: ignored
Job counts:
	count	jobs
	1	template
	1

[Mon Apr  6 22:57:03 2020]
rule template:
    input: params.json, /cluster/tufts/hugheslab/code/covid19-forecasting/run_forecast.py, /cluster/tufts/hugheslab/code/covid19-forecasting/semimarkov_forecaster/__init__.py, /cluster/tufts/hugheslab/code/covid19-forecasting/semimarkov_forecaster/PatientTrajectory.py
    output: /cluster/tufts/hugheslab/mhughe02/forecast_results/demo_20200406/results-random_seed=1070.csv
    jobid: 0
    wildcards: output_dir=/cluster/tufts/hugheslab/mhughe02/forecast_results/demo_20200406, random_seed=1070

        dirname /cluster/tufts/hugheslab/mhughe02/forecast_results/demo_20200406/results-random_seed=1070.csv | xargs mkdir -p &&         python /cluster/tufts/hugheslab/code/covid19-forecasting/run_forecast.py             --config_file "params.json"             --random_seed "1070"             --output_file "/cluster/tufts/hugheslab/mhughe02/forecast_results/demo_20200406/results-random_seed=1070.csv"         
  0%|          | 0/120 [00:00<?, ?it/s] 15%|█▌        | 18/120 [00:00<00:00, 177.61it/s] 30%|███       | 36/120 [00:00<00:00, 175.38it/s] 44%|████▍     | 53/120 [00:00<00:00, 173.69it/s] 60%|██████    | 72/120 [00:00<00:00, 176.09it/s] 74%|███████▍  | 89/120 [00:00<00:00, 173.83it/s] 88%|████████▊ | 106/120 [00:00<00:00, 171.81it/s]100%|██████████| 120/120 [00:00<00:00, 173.14it/s]
[Mon Apr  6 22:57:04 2020]
Finished job 0.
1 of 1 steps (100%) done
